<?xml version="1.0" encoding="UTF-8"?>
<testsuite xmlns:xsi="http://www.w3.org/2001/XMLSchema-instance" xsi:noNamespaceSchemaLocation="https://maven.apache.org/surefire/maven-surefire-plugin/xsd/surefire-test-report-3.0.xsd" version="3.0" name="org.gui4j.core.impl.Gui4jCallParserTest" time="2.101" tests="4" errors="0" skipped="0" failures="0">
  <properties>
[...]
</properties>
  <testcase name="resolvesSequenceAndReturnsLastExpressionResult" classname="org.gui4j.core.impl.Gui4jCallParserTest" time="1.995">
    <system-err><![CDATA[Mockito is currently self-attaching to enable the inline-mock-maker. This will no longer work in future releases of the JDK. Please add Mockito as an agent to your build what is described in Mockito's documentation: https://javadoc.io/doc/org.mockito/mockito-core/latest/org/mockito/Mockito.html#0.3
WARNING: A Java agent has been loaded dynamically (/home/ingo/.m2/repository/net/bytebuddy/byte-buddy-agent/1.15.4/byte-buddy-agent-1.15.4.jar)
WARNING: If a serviceability tool is in use, please run with -XX:+EnableDynamicAgentLoading to hide this warning
WARNING: If a serviceability tool is not in use, please run with -Djdk.instrument.traceUsage for more information
WARNING: Dynamic loading of agents will be disallowed by default in a future release
]]></system-err>
  </testcase>
  <testcase name="resolvesComplexChainedAccessPathWithParameters" classname="org.gui4j.core.impl.Gui4jCallParserTest" time="0.017"/>
  <testcase name="throwsResourceErrorForMalformedAccessPath" classname="org.gui4j.core.impl.Gui4jCallParserTest" time="0.037">
    <system-err><![CDATA[[main] WARN org.gui4j.exception.Gui4jUncheckedException - Exception created: Ressource error in /test/view.xml:40: Unexpected character after position 7 in access path doSave(
]]></system-err>
  </testcase>
  <testcase name="resolvesSimpleMethodAccessPath" classname="org.gui4j.core.impl.Gui4jCallParserTest" time="0.009"/>
</testsuite>